<?xml version="1.0" encoding="UTF-8"?>
<testng-results skipped="0" failed="2" ignored="0" total="9" passed="7">
  <reporter-output>
    <line>
      <![CDATA[Station Arrival Train Status Halt Time Platform Locomotive Reverse]]>
    </line>
    <line>
      <![CDATA[KANYAKUMARI (CAPE) 18:15 Ontime Start 1 No]]>
    </line>
    <line>
      <![CDATA[NAGERCOIL JN (NCJ) 18:30 Ontime 5 mins 3 No]]>
    </line>
    <line>
      <![CDATA[TOVALAI (THX) 18:45 Ontime 1 min 1 No]]>
    </line>
    <line>
      <![CDATA[ARALVAYMOZHI (AAY) 18:53 Ontime 1 min 1 No]]>
    </line>
    <line>
      <![CDATA[NORTH PANAKUDI (NPK) 19:05 Ontime 1 min 1 No]]>
    </line>
    <line>
      <![CDATA[VALLIYUR (VLY) 19:15 Ontime 1 min 1 No]]>
    </line>
    <line>
      <![CDATA[NANGUNERI (NNN) 19:30 Ontime 1 min 1 No]]>
    </line>
    <line>
      <![CDATA[MELAPPALAIYAM (MP) 20:09 Ontime 1 min 3 No]]>
    </line>
    <line>
      <![CDATA[TIRUNELVELI (TEN) 20:40 Ontime End 4 No]]>
    </line>
    <line>
      <![CDATA[Station Arrival Train Status Halt Time Platform Locomotive Reverse]]>
    </line>
    <line>
      <![CDATA[TITVALA (TLA) 15:35 Ontime Start - No]]>
    </line>
    <line>
      <![CDATA[AMBIVLI (ABY) 15:42 Ontime 1 min - No]]>
    </line>
    <line>
      <![CDATA[SHAHAD (SHAD) 15:45 Ontime 1 min - No]]>
    </line>
    <line>
      <![CDATA[KALYAN JN (KYN) 15:50 Ontime 1 min - No]]>
    </line>
    <line>
      <![CDATA[THAKRULI (THK) 15:56 Ontime 1 min - No]]>
    </line>
    <line>
      <![CDATA[DOMBIVILI (DI) 16:00 Ontime 1 min - No]]>
    </line>
    <line>
      <![CDATA[KOPAR ROAD (KOPR) 16:03 Ontime 1 min - No]]>
    </line>
    <line>
      <![CDATA[DIVA (DIVA) 16:08 Ontime 1 min - No]]>
    </line>
    <line>
      <![CDATA[MUMBRA (MBQ) 16:12 Ontime 1 min - No]]>
    </line>
    <line>
      <![CDATA[KALVA (KLVA) 16:18 Ontime 1 min - No]]>
    </line>
    <line>
      <![CDATA[THANE (TNA) 16:22 Ontime 1 min - No]]>
    </line>
    <line>
      <![CDATA[MULUND (MLND) 16:27 Ontime 1 min - No]]>
    </line>
    <line>
      <![CDATA[NAHUR (NHU) 16:30 Ontime 1 min - No]]>
    </line>
    <line>
      <![CDATA[BHANDUP (BND) 16:33 Ontime 1 min - No]]>
    </line>
    <line>
      <![CDATA[KANJUR MARG (KJMG) 16:36 Ontime 1 min - No]]>
    </line>
    <line>
      <![CDATA[VIKHROLI (VK) 16:39 Ontime 1 min - No]]>
    </line>
    <line>
      <![CDATA[GHATKOPAR (GC) 16:43 Ontime 1 min - No]]>
    </line>
    <line>
      <![CDATA[VIDYAVIHAR (VVH) 16:46 Ontime 1 min - No]]>
    </line>
    <line>
      <![CDATA[KURLA JN (CLA) 16:49 Ontime 1 min - No]]>
    </line>
    <line>
      <![CDATA[MUMBAI SION (SIN) 16:53 Ontime 1 min - No]]>
    </line>
    <line>
      <![CDATA[MUMBAI MATUNGA (MTN) 16:56 Ontime 1 min - No]]>
    </line>
    <line>
      <![CDATA[MUMBAI DADAR CENTRAL (DR) 17:00 Ontime 1 min - No]]>
    </line>
    <line>
      <![CDATA[MUMBAI PAREL (PR) 17:03 Ontime 1 min - No]]>
    </line>
    <line>
      <![CDATA[MUMBAI CURREY ROAD (CRD) 17:06 Ontime 1 min - No]]>
    </line>
    <line>
      <![CDATA[MUMBAI CHINCHPOKLI (CHG) 17:08 Ontime 1 min - No]]>
    </line>
    <line>
      <![CDATA[BYCULLA (BY) 17:10 Ontime 1 min - No]]>
    </line>
    <line>
      <![CDATA[MUMBAI SANDHURST ROAD (SNRD) 17:13 Ontime 1 min - No]]>
    </line>
    <line>
      <![CDATA[BOMBAY MASJID (MSD) 17:16 Ontime 1 min - No]]>
    </line>
    <line>
      <![CDATA[MUMBAI CST (CSTM) 17:20 Ontime End - No]]>
    </line>
    <line>
      <![CDATA[Train Departure Arrival Duration]]>
    </line>
    <line>
      <![CDATA[02453 - RANCHI - NEW DELHI Rajdhani (Covid SPL AC) 17:15 11:10 17H 55M]]>
    </line>
    <line>
      <![CDATA[02501 - AGARTALA - ANAND VIHAR T Rajdhani Special 19:25 34:50 39H 25M]]>
    </line>
    <line>
      <![CDATA[02691 - KSR BENGALURU - HAZRAT NIZAMUDDIN Rajdhani Special 20:00 29:30 33H 30M]]>
    </line>
    <line>
      <![CDATA[02692 - HAZRAT NIZAMUDDIN - KSR BENGALURU Rajdhani Special 19:50 29:20 33H 30M]]>
    </line>
    <line>
      <![CDATA[02823 - BHUBANESWAR - NEW DELHI Covid AC Special (Via Tatanagar) 09:30 09:55 24H 25M]]>
    </line>
    <line>
      <![CDATA[02824 - NEW DELHI - BHUBANESWAR Covid AC Special (Via Tatanagar) 17:00 17:30 24H 30M]]>
    </line>
    <line>
      <![CDATA[02951 - MUMBAI CENTRAL - NEW DELHI Rajdhani Covid Special 17:00 08:50 15H 50M]]>
    </line>
    <line>
      <![CDATA[02952 - NEW DELHI - MUMBAI CENTRAL Rajdhani Covid Special 16:55 08:35 15H 40M]]>
    </line>
    <line>
      <![CDATA[02957 - AHMEDABAD - NEW DELHI (Covid SPL AC) 17:45 07:30 13H 45M]]>
    </line>
    <line>
      <![CDATA[02958 - NEW DELHI - AHMEDABAD Rajdhani (Covid SPL AC) 19:55 09:30 13H 35M]]>
    </line>
    <line>
      <![CDATA[Train Departure Arrival Duration]]>
    </line>
    <line>
      <![CDATA[02453 - RANCHI - NEW DELHI Rajdhani (Covid SPL AC) 17:15 11:10 17H 55M]]>
    </line>
    <line>
      <![CDATA[02501 - AGARTALA - ANAND VIHAR T Rajdhani Special 19:25 34:50 39H 25M]]>
    </line>
    <line>
      <![CDATA[02691 - KSR BENGALURU - HAZRAT NIZAMUDDIN Rajdhani Special 20:00 29:30 33H 30M]]>
    </line>
    <line>
      <![CDATA[02692 - HAZRAT NIZAMUDDIN - KSR BENGALURU Rajdhani Special 19:50 29:20 33H 30M]]>
    </line>
    <line>
      <![CDATA[02823 - BHUBANESWAR - NEW DELHI Covid AC Special (Via Tatanagar) 09:30 09:55 24H 25M]]>
    </line>
    <line>
      <![CDATA[02824 - NEW DELHI - BHUBANESWAR Covid AC Special (Via Tatanagar) 17:00 17:30 24H 30M]]>
    </line>
    <line>
      <![CDATA[02951 - MUMBAI CENTRAL - NEW DELHI Rajdhani Covid Special 17:00 08:50 15H 50M]]>
    </line>
    <line>
      <![CDATA[02952 - NEW DELHI - MUMBAI CENTRAL Rajdhani Covid Special 16:55 08:35 15H 40M]]>
    </line>
    <line>
      <![CDATA[02957 - AHMEDABAD - NEW DELHI (Covid SPL AC) 17:45 07:30 13H 45M]]>
    </line>
    <line>
      <![CDATA[02958 - NEW DELHI - AHMEDABAD Rajdhani (Covid SPL AC) 19:55 09:30 13H 35M]]>
    </line>
    <line>
      <![CDATA[Train Departure Arrival Duration]]>
    </line>
    <line>
      <![CDATA[02453 - RANCHI - NEW DELHI Rajdhani (Covid SPL AC) 17:15 11:10 17H 55M]]>
    </line>
    <line>
      <![CDATA[02501 - AGARTALA - ANAND VIHAR T Rajdhani Special 19:25 34:50 39H 25M]]>
    </line>
    <line>
      <![CDATA[02691 - KSR BENGALURU - HAZRAT NIZAMUDDIN Rajdhani Special 20:00 29:30 33H 30M]]>
    </line>
    <line>
      <![CDATA[02692 - HAZRAT NIZAMUDDIN - KSR BENGALURU Rajdhani Special 19:50 29:20 33H 30M]]>
    </line>
    <line>
      <![CDATA[02823 - BHUBANESWAR - NEW DELHI Covid AC Special (Via Tatanagar) 09:30 09:55 24H 25M]]>
    </line>
    <line>
      <![CDATA[02824 - NEW DELHI - BHUBANESWAR Covid AC Special (Via Tatanagar) 17:00 17:30 24H 30M]]>
    </line>
    <line>
      <![CDATA[02951 - MUMBAI CENTRAL - NEW DELHI Rajdhani Covid Special 17:00 08:50 15H 50M]]>
    </line>
    <line>
      <![CDATA[02952 - NEW DELHI - MUMBAI CENTRAL Rajdhani Covid Special 16:55 08:35 15H 40M]]>
    </line>
    <line>
      <![CDATA[02957 - AHMEDABAD - NEW DELHI (Covid SPL AC) 17:45 07:30 13H 45M]]>
    </line>
    <line>
      <![CDATA[02958 - NEW DELHI - AHMEDABAD Rajdhani (Covid SPL AC) 19:55 09:30 13H 35M]]>
    </line>
    <line>
      <![CDATA[06250 HAZRAT NIZAMUDDIN - YESVANTPUR Karnataka Sampark Kranti SF Festival Special (Via Ballari)
08:40 KCG
KACHEGUDA
21 H 0 M
05:40 YPR
YESVANTPUR JN]]>
    </line>
    <line>
      <![CDATA[05015 GORAKHPUR - YESVANTPUR SF Special
13:45 SC
SECUNDERABAD JN
13 H 0 M
02:45 YPR
YESVANTPUR JN]]>
    </line>
    <line>
      <![CDATA[02591 GORAKHPUR - YESVANTPUR Covid SF Special
15:20 SC
SECUNDERABAD JN
13 H 25 M
04:45 YPR
YESVANTPUR JN]]>
    </line>
    <line>
      <![CDATA[02692 HAZRAT NIZAMUDDIN - KSR BENGALURU Rajdhani Special
17:25 SC
SECUNDERABAD JN
11 H 55 M
05:20 SBC
BANGALORE CITY JN]]>
    </line>
    <line>
      <![CDATA[02785 KACHEGUDA - MYSORE Festival Special
19:05 KCG
KACHEGUDA
10 H 53 M
05:58 BNC
BANGALORE CANT]]>
    </line>
    <line>
      <![CDATA[06594 DELHI SARAI ROHILLA - YESVANTPUR AC Duronto Special
21:10 SC
SECUNDERABAD JN
11 H 0 M
08:10 YPR
YESVANTPUR JN]]>
    </line>
    <line>
      <![CDATA[07603 YNK FESTVL SPL
21:05 KCG
12 H 30 M
09:35 YNK]]>
    </line>
    <line>
      <![CDATA[02976 JAIPUR - MYSORE Covid Special
00:20 KCG
KACHEGUDA
11 H 58 M
12:18 BNC
BANGALORE CANT]]>
    </line>
    <line>
      <![CDATA[02140 JABALPUR - YASVANTPUR Covid SF Special
01:25 KCG
KACHEGUDA
12 H 5 M
13:30 YPR
YESVANTPUR JN]]>
    </line>
    <line>
      <![CDATA[02252 KORBA - YESVANTPUR Festival SF Special
01:25 KCG
KACHEGUDA
12 H 5 M
13:30 YPR
YESVANTPUR JN]]>
    </line>
    <line>
      <![CDATA[02684 LUCKNOW - YESVANTPUR Festival Special (Via Kacheguda)
01:25 KCG
KACHEGUDA
12 H 5 M
13:30 YPR
YESVANTPUR JN]]>
    </line>
    <line>
      <![CDATA[06078 DELHI H NIZAMUDDIN - COIMBATORE Covid Special
08:50 KCG
KACHEGUDA
14 H 8 M
22:58 KJM
KRISHNARAJAPURAM]]>
    </line>
    <line>
      <![CDATA[06578 GUWAHATI - YESVANTPUR Summer Special
15:00 SC
SECUNDERABAD JN
10 H 30 M
01:30 YPR
YESVANTPUR JN]]>
    </line>
    <line>
      <![CDATA[05023 GORAKHPUR - YESVANTPUR Festival Special (Via Faizabad)
20:25 KCG
KACHEGUDA
15 H 5 M
11:30 YPR
YESVANTPUR JN]]>
    </line>
    <line>
      <![CDATA[02735 SECUNDERABAD - YESVANTPUR Garib Rath Special
20:30 SC
SECUNDERABAD JN
11 H 40 M
08:10 YPR
YESVANTPUR JN]]>
    </line>
    <line>
      <![CDATA[09301 DR AMBEDKAR NAGAR - YESVANTPUR Special
22:20 KCG
KACHEGUDA
12 H 40 M
11:00 YPR
YESVANTPUR JN]]>
    </line>
  </reporter-output>
  <suite name="Automation Testing" duration-ms="815244" started-at="2021-05-04T04:56:00Z" finished-at="2021-05-04T05:09:35Z">
    <groups>
    </groups>
    <test name="Functional Testing" duration-ms="815244" started-at="2021-05-04T04:56:00Z" finished-at="2021-05-04T05:09:35Z">
      <class name="com.qa.Projecttestscripts.TC_TrainStatusTable">
        <test-method status="PASS" signature="setup(java.lang.String, java.lang.String)[pri:0, instance:com.qa.Projecttestscripts.TC_TrainStatusTable@14bf9759]" name="setup" is-config="true" duration-ms="113822" started-at="2021-05-04T04:56:00Z" finished-at="2021-05-04T04:57:54Z">
          <params>
            <param index="0">
              <value>
                <![CDATA[chrome]]>
              </value>
            </param>
            <param index="1">
              <value>
                <![CDATA[https://www.railyatri.in/]]>
              </value>
            </param>
          </params>
          <reporter-output>
          </reporter-output>
        </test-method> <!-- setup -->
        <test-method status="PASS" signature="TrainStatusTable(java.lang.String)[pri:1, instance:com.qa.Projecttestscripts.TC_TrainStatusTable@14bf9759]" name="TrainStatusTable" duration-ms="114799" started-at="2021-05-04T04:58:00Z" data-provider="getData" finished-at="2021-05-04T04:59:55Z">
          <params>
            <param index="0">
              <value>
                <![CDATA[56717]]>
              </value>
            </param>
          </params>
          <reporter-output>
            <line>
              <![CDATA[Station Arrival Train Status Halt Time Platform Locomotive Reverse]]>
            </line>
            <line>
              <![CDATA[KANYAKUMARI (CAPE) 18:15 Ontime Start 1 No]]>
            </line>
            <line>
              <![CDATA[NAGERCOIL JN (NCJ) 18:30 Ontime 5 mins 3 No]]>
            </line>
            <line>
              <![CDATA[TOVALAI (THX) 18:45 Ontime 1 min 1 No]]>
            </line>
            <line>
              <![CDATA[ARALVAYMOZHI (AAY) 18:53 Ontime 1 min 1 No]]>
            </line>
            <line>
              <![CDATA[NORTH PANAKUDI (NPK) 19:05 Ontime 1 min 1 No]]>
            </line>
            <line>
              <![CDATA[VALLIYUR (VLY) 19:15 Ontime 1 min 1 No]]>
            </line>
            <line>
              <![CDATA[NANGUNERI (NNN) 19:30 Ontime 1 min 1 No]]>
            </line>
            <line>
              <![CDATA[MELAPPALAIYAM (MP) 20:09 Ontime 1 min 3 No]]>
            </line>
            <line>
              <![CDATA[TIRUNELVELI (TEN) 20:40 Ontime End 4 No]]>
            </line>
          </reporter-output>
        </test-method> <!-- TrainStatusTable -->
        <test-method status="PASS" signature="TrainStatusTable(java.lang.String)[pri:1, instance:com.qa.Projecttestscripts.TC_TrainStatusTable@14bf9759]" name="TrainStatusTable" duration-ms="77754" started-at="2021-05-04T04:59:55Z" data-provider="getData" finished-at="2021-05-04T05:01:13Z">
          <params>
            <param index="0">
              <value>
                <![CDATA[96638]]>
              </value>
            </param>
          </params>
          <reporter-output>
            <line>
              <![CDATA[Station Arrival Train Status Halt Time Platform Locomotive Reverse]]>
            </line>
            <line>
              <![CDATA[TITVALA (TLA) 15:35 Ontime Start - No]]>
            </line>
            <line>
              <![CDATA[AMBIVLI (ABY) 15:42 Ontime 1 min - No]]>
            </line>
            <line>
              <![CDATA[SHAHAD (SHAD) 15:45 Ontime 1 min - No]]>
            </line>
            <line>
              <![CDATA[KALYAN JN (KYN) 15:50 Ontime 1 min - No]]>
            </line>
            <line>
              <![CDATA[THAKRULI (THK) 15:56 Ontime 1 min - No]]>
            </line>
            <line>
              <![CDATA[DOMBIVILI (DI) 16:00 Ontime 1 min - No]]>
            </line>
            <line>
              <![CDATA[KOPAR ROAD (KOPR) 16:03 Ontime 1 min - No]]>
            </line>
            <line>
              <![CDATA[DIVA (DIVA) 16:08 Ontime 1 min - No]]>
            </line>
            <line>
              <![CDATA[MUMBRA (MBQ) 16:12 Ontime 1 min - No]]>
            </line>
            <line>
              <![CDATA[KALVA (KLVA) 16:18 Ontime 1 min - No]]>
            </line>
            <line>
              <![CDATA[THANE (TNA) 16:22 Ontime 1 min - No]]>
            </line>
            <line>
              <![CDATA[MULUND (MLND) 16:27 Ontime 1 min - No]]>
            </line>
            <line>
              <![CDATA[NAHUR (NHU) 16:30 Ontime 1 min - No]]>
            </line>
            <line>
              <![CDATA[BHANDUP (BND) 16:33 Ontime 1 min - No]]>
            </line>
            <line>
              <![CDATA[KANJUR MARG (KJMG) 16:36 Ontime 1 min - No]]>
            </line>
            <line>
              <![CDATA[VIKHROLI (VK) 16:39 Ontime 1 min - No]]>
            </line>
            <line>
              <![CDATA[GHATKOPAR (GC) 16:43 Ontime 1 min - No]]>
            </line>
            <line>
              <![CDATA[VIDYAVIHAR (VVH) 16:46 Ontime 1 min - No]]>
            </line>
            <line>
              <![CDATA[KURLA JN (CLA) 16:49 Ontime 1 min - No]]>
            </line>
            <line>
              <![CDATA[MUMBAI SION (SIN) 16:53 Ontime 1 min - No]]>
            </line>
            <line>
              <![CDATA[MUMBAI MATUNGA (MTN) 16:56 Ontime 1 min - No]]>
            </line>
            <line>
              <![CDATA[MUMBAI DADAR CENTRAL (DR) 17:00 Ontime 1 min - No]]>
            </line>
            <line>
              <![CDATA[MUMBAI PAREL (PR) 17:03 Ontime 1 min - No]]>
            </line>
            <line>
              <![CDATA[MUMBAI CURREY ROAD (CRD) 17:06 Ontime 1 min - No]]>
            </line>
            <line>
              <![CDATA[MUMBAI CHINCHPOKLI (CHG) 17:08 Ontime 1 min - No]]>
            </line>
            <line>
              <![CDATA[BYCULLA (BY) 17:10 Ontime 1 min - No]]>
            </line>
            <line>
              <![CDATA[MUMBAI SANDHURST ROAD (SNRD) 17:13 Ontime 1 min - No]]>
            </line>
            <line>
              <![CDATA[BOMBAY MASJID (MSD) 17:16 Ontime 1 min - No]]>
            </line>
            <line>
              <![CDATA[MUMBAI CST (CSTM) 17:20 Ontime End - No]]>
            </line>
          </reporter-output>
        </test-method> <!-- TrainStatusTable -->
        <test-method status="PASS" signature="TrainStatusTableNeg(java.lang.String)[pri:2, instance:com.qa.Projecttestscripts.TC_TrainStatusTable@14bf9759]" name="TrainStatusTableNeg" duration-ms="23544" started-at="2021-05-04T05:01:14Z" data-provider="getData1" finished-at="2021-05-04T05:01:37Z">
          <params>
            <param index="0">
              <value>
                <![CDATA[ABCDE]]>
              </value>
            </param>
          </params>
          <reporter-output>
            <line>
              <![CDATA[Train Departure Arrival Duration]]>
            </line>
            <line>
              <![CDATA[02453 - RANCHI - NEW DELHI Rajdhani (Covid SPL AC) 17:15 11:10 17H 55M]]>
            </line>
            <line>
              <![CDATA[02501 - AGARTALA - ANAND VIHAR T Rajdhani Special 19:25 34:50 39H 25M]]>
            </line>
            <line>
              <![CDATA[02691 - KSR BENGALURU - HAZRAT NIZAMUDDIN Rajdhani Special 20:00 29:30 33H 30M]]>
            </line>
            <line>
              <![CDATA[02692 - HAZRAT NIZAMUDDIN - KSR BENGALURU Rajdhani Special 19:50 29:20 33H 30M]]>
            </line>
            <line>
              <![CDATA[02823 - BHUBANESWAR - NEW DELHI Covid AC Special (Via Tatanagar) 09:30 09:55 24H 25M]]>
            </line>
            <line>
              <![CDATA[02824 - NEW DELHI - BHUBANESWAR Covid AC Special (Via Tatanagar) 17:00 17:30 24H 30M]]>
            </line>
            <line>
              <![CDATA[02951 - MUMBAI CENTRAL - NEW DELHI Rajdhani Covid Special 17:00 08:50 15H 50M]]>
            </line>
            <line>
              <![CDATA[02952 - NEW DELHI - MUMBAI CENTRAL Rajdhani Covid Special 16:55 08:35 15H 40M]]>
            </line>
            <line>
              <![CDATA[02957 - AHMEDABAD - NEW DELHI (Covid SPL AC) 17:45 07:30 13H 45M]]>
            </line>
            <line>
              <![CDATA[02958 - NEW DELHI - AHMEDABAD Rajdhani (Covid SPL AC) 19:55 09:30 13H 35M]]>
            </line>
          </reporter-output>
        </test-method> <!-- TrainStatusTableNeg -->
        <test-method status="PASS" signature="TrainStatusTableNeg(java.lang.String)[pri:2, instance:com.qa.Projecttestscripts.TC_TrainStatusTable@14bf9759]" name="TrainStatusTableNeg" duration-ms="37923" started-at="2021-05-04T05:01:37Z" data-provider="getData1" finished-at="2021-05-04T05:02:15Z">
          <params>
            <param index="0">
              <value>
                <![CDATA[12000]]>
              </value>
            </param>
          </params>
          <reporter-output>
            <line>
              <![CDATA[Train Departure Arrival Duration]]>
            </line>
            <line>
              <![CDATA[02453 - RANCHI - NEW DELHI Rajdhani (Covid SPL AC) 17:15 11:10 17H 55M]]>
            </line>
            <line>
              <![CDATA[02501 - AGARTALA - ANAND VIHAR T Rajdhani Special 19:25 34:50 39H 25M]]>
            </line>
            <line>
              <![CDATA[02691 - KSR BENGALURU - HAZRAT NIZAMUDDIN Rajdhani Special 20:00 29:30 33H 30M]]>
            </line>
            <line>
              <![CDATA[02692 - HAZRAT NIZAMUDDIN - KSR BENGALURU Rajdhani Special 19:50 29:20 33H 30M]]>
            </line>
            <line>
              <![CDATA[02823 - BHUBANESWAR - NEW DELHI Covid AC Special (Via Tatanagar) 09:30 09:55 24H 25M]]>
            </line>
            <line>
              <![CDATA[02824 - NEW DELHI - BHUBANESWAR Covid AC Special (Via Tatanagar) 17:00 17:30 24H 30M]]>
            </line>
            <line>
              <![CDATA[02951 - MUMBAI CENTRAL - NEW DELHI Rajdhani Covid Special 17:00 08:50 15H 50M]]>
            </line>
            <line>
              <![CDATA[02952 - NEW DELHI - MUMBAI CENTRAL Rajdhani Covid Special 16:55 08:35 15H 40M]]>
            </line>
            <line>
              <![CDATA[02957 - AHMEDABAD - NEW DELHI (Covid SPL AC) 17:45 07:30 13H 45M]]>
            </line>
            <line>
              <![CDATA[02958 - NEW DELHI - AHMEDABAD Rajdhani (Covid SPL AC) 19:55 09:30 13H 35M]]>
            </line>
          </reporter-output>
        </test-method> <!-- TrainStatusTableNeg -->
        <test-method status="PASS" signature="TrainStatusTableNeg(java.lang.String)[pri:2, instance:com.qa.Projecttestscripts.TC_TrainStatusTable@14bf9759]" name="TrainStatusTableNeg" duration-ms="72851" started-at="2021-05-04T05:02:15Z" data-provider="getData1" finished-at="2021-05-04T05:03:28Z">
          <params>
            <param index="0">
              <value>
                <![CDATA[" "]]>
              </value>
            </param>
          </params>
          <reporter-output>
            <line>
              <![CDATA[Train Departure Arrival Duration]]>
            </line>
            <line>
              <![CDATA[02453 - RANCHI - NEW DELHI Rajdhani (Covid SPL AC) 17:15 11:10 17H 55M]]>
            </line>
            <line>
              <![CDATA[02501 - AGARTALA - ANAND VIHAR T Rajdhani Special 19:25 34:50 39H 25M]]>
            </line>
            <line>
              <![CDATA[02691 - KSR BENGALURU - HAZRAT NIZAMUDDIN Rajdhani Special 20:00 29:30 33H 30M]]>
            </line>
            <line>
              <![CDATA[02692 - HAZRAT NIZAMUDDIN - KSR BENGALURU Rajdhani Special 19:50 29:20 33H 30M]]>
            </line>
            <line>
              <![CDATA[02823 - BHUBANESWAR - NEW DELHI Covid AC Special (Via Tatanagar) 09:30 09:55 24H 25M]]>
            </line>
            <line>
              <![CDATA[02824 - NEW DELHI - BHUBANESWAR Covid AC Special (Via Tatanagar) 17:00 17:30 24H 30M]]>
            </line>
            <line>
              <![CDATA[02951 - MUMBAI CENTRAL - NEW DELHI Rajdhani Covid Special 17:00 08:50 15H 50M]]>
            </line>
            <line>
              <![CDATA[02952 - NEW DELHI - MUMBAI CENTRAL Rajdhani Covid Special 16:55 08:35 15H 40M]]>
            </line>
            <line>
              <![CDATA[02957 - AHMEDABAD - NEW DELHI (Covid SPL AC) 17:45 07:30 13H 45M]]>
            </line>
            <line>
              <![CDATA[02958 - NEW DELHI - AHMEDABAD Rajdhani (Covid SPL AC) 19:55 09:30 13H 35M]]>
            </line>
          </reporter-output>
        </test-method> <!-- TrainStatusTableNeg -->
        <test-method status="FAIL" signature="SearchforTrainsTab(java.lang.String, java.lang.String)[pri:3, instance:com.qa.Projecttestscripts.TC_TrainStatusTable@14bf9759]" name="SearchforTrainsTab" duration-ms="109705" started-at="2021-05-04T05:03:29Z" data-provider="getData2" finished-at="2021-05-04T05:05:19Z">
          <params>
            <param index="0">
              <value>
                <![CDATA[Delhi cantt]]>
              </value>
            </param>
            <param index="1">
              <value>
                <![CDATA[Howrah]]>
              </value>
            </param>
          </params>
          <exception class="java.lang.AssertionError">
            <message>
              <![CDATA[expected [true] but found [false]]]>
            </message>
            <full-stacktrace>
              <![CDATA[java.lang.AssertionError: expected [true] but found [false]
at org.testng.Assert.fail(Assert.java:96)
at org.testng.Assert.failNotEquals(Assert.java:776)
at org.testng.Assert.assertTrue(Assert.java:44)
at org.testng.Assert.assertTrue(Assert.java:54)
at com.qa.Projecttestscripts.TC_TrainStatusTable.SearchforTrainsTab(TC_TrainStatusTable.java:81)
at sun.reflect.NativeMethodAccessorImpl.invoke0(Native Method)
at sun.reflect.NativeMethodAccessorImpl.invoke(Unknown Source)
at sun.reflect.DelegatingMethodAccessorImpl.invoke(Unknown Source)
at java.lang.reflect.Method.invoke(Unknown Source)
at org.testng.internal.MethodInvocationHelper.invokeMethod(MethodInvocationHelper.java:124)
at org.testng.internal.Invoker.invokeMethod(Invoker.java:583)
at org.testng.internal.Invoker.invokeTestMethod(Invoker.java:719)
at org.testng.internal.Invoker.invokeTestMethods(Invoker.java:989)
at org.testng.internal.TestMethodWorker.invokeTestMethods(TestMethodWorker.java:125)
at org.testng.internal.TestMethodWorker.run(TestMethodWorker.java:109)
at java.util.concurrent.ThreadPoolExecutor.runWorker(Unknown Source)
at java.util.concurrent.ThreadPoolExecutor$Worker.run(Unknown Source)
at java.lang.Thread.run(Unknown Source)
]]>
            </full-stacktrace>
          </exception> <!-- java.lang.AssertionError -->
          <reporter-output>
          </reporter-output>
        </test-method> <!-- SearchforTrainsTab -->
        <test-method status="PASS" signature="SearchforTrainsTab(java.lang.String, java.lang.String)[pri:3, instance:com.qa.Projecttestscripts.TC_TrainStatusTable@14bf9759]" name="SearchforTrainsTab" duration-ms="102297" started-at="2021-05-04T05:05:19Z" data-provider="getData2" finished-at="2021-05-04T05:07:01Z">
          <params>
            <param index="0">
              <value>
                <![CDATA[Hyderabad]]>
              </value>
            </param>
            <param index="1">
              <value>
                <![CDATA[Bangalore]]>
              </value>
            </param>
          </params>
          <reporter-output>
            <line>
              <![CDATA[06250 HAZRAT NIZAMUDDIN - YESVANTPUR Karnataka Sampark Kranti SF Festival Special (Via Ballari)
08:40 KCG
KACHEGUDA
21 H 0 M
05:40 YPR
YESVANTPUR JN]]>
            </line>
            <line>
              <![CDATA[05015 GORAKHPUR - YESVANTPUR SF Special
13:45 SC
SECUNDERABAD JN
13 H 0 M
02:45 YPR
YESVANTPUR JN]]>
            </line>
            <line>
              <![CDATA[02591 GORAKHPUR - YESVANTPUR Covid SF Special
15:20 SC
SECUNDERABAD JN
13 H 25 M
04:45 YPR
YESVANTPUR JN]]>
            </line>
            <line>
              <![CDATA[02692 HAZRAT NIZAMUDDIN - KSR BENGALURU Rajdhani Special
17:25 SC
SECUNDERABAD JN
11 H 55 M
05:20 SBC
BANGALORE CITY JN]]>
            </line>
            <line>
              <![CDATA[02785 KACHEGUDA - MYSORE Festival Special
19:05 KCG
KACHEGUDA
10 H 53 M
05:58 BNC
BANGALORE CANT]]>
            </line>
            <line>
              <![CDATA[06594 DELHI SARAI ROHILLA - YESVANTPUR AC Duronto Special
21:10 SC
SECUNDERABAD JN
11 H 0 M
08:10 YPR
YESVANTPUR JN]]>
            </line>
            <line>
              <![CDATA[07603 YNK FESTVL SPL
21:05 KCG
12 H 30 M
09:35 YNK]]>
            </line>
            <line>
              <![CDATA[02976 JAIPUR - MYSORE Covid Special
00:20 KCG
KACHEGUDA
11 H 58 M
12:18 BNC
BANGALORE CANT]]>
            </line>
            <line>
              <![CDATA[02140 JABALPUR - YASVANTPUR Covid SF Special
01:25 KCG
KACHEGUDA
12 H 5 M
13:30 YPR
YESVANTPUR JN]]>
            </line>
            <line>
              <![CDATA[02252 KORBA - YESVANTPUR Festival SF Special
01:25 KCG
KACHEGUDA
12 H 5 M
13:30 YPR
YESVANTPUR JN]]>
            </line>
            <line>
              <![CDATA[02684 LUCKNOW - YESVANTPUR Festival Special (Via Kacheguda)
01:25 KCG
KACHEGUDA
12 H 5 M
13:30 YPR
YESVANTPUR JN]]>
            </line>
            <line>
              <![CDATA[06078 DELHI H NIZAMUDDIN - COIMBATORE Covid Special
08:50 KCG
KACHEGUDA
14 H 8 M
22:58 KJM
KRISHNARAJAPURAM]]>
            </line>
            <line>
              <![CDATA[06578 GUWAHATI - YESVANTPUR Summer Special
15:00 SC
SECUNDERABAD JN
10 H 30 M
01:30 YPR
YESVANTPUR JN]]>
            </line>
            <line>
              <![CDATA[05023 GORAKHPUR - YESVANTPUR Festival Special (Via Faizabad)
20:25 KCG
KACHEGUDA
15 H 5 M
11:30 YPR
YESVANTPUR JN]]>
            </line>
            <line>
              <![CDATA[02735 SECUNDERABAD - YESVANTPUR Garib Rath Special
20:30 SC
SECUNDERABAD JN
11 H 40 M
08:10 YPR
YESVANTPUR JN]]>
            </line>
            <line>
              <![CDATA[09301 DR AMBEDKAR NAGAR - YESVANTPUR Special
22:20 KCG
KACHEGUDA
12 H 40 M
11:00 YPR
YESVANTPUR JN]]>
            </line>
          </reporter-output>
        </test-method> <!-- SearchforTrainsTab -->
        <test-method status="PASS" signature="SearchforTrainsTabNeg(java.lang.String, java.lang.String)[pri:4, instance:com.qa.Projecttestscripts.TC_TrainStatusTable@14bf9759]" name="SearchforTrainsTabNeg" duration-ms="55220" started-at="2021-05-04T05:07:01Z" data-provider="getData3" finished-at="2021-05-04T05:07:57Z">
          <params>
            <param index="0">
              <value>
                <![CDATA[XYZAB]]>
              </value>
            </param>
            <param index="1">
              <value>
                <![CDATA[Howrah]]>
              </value>
            </param>
          </params>
          <reporter-output>
          </reporter-output>
        </test-method> <!-- SearchforTrainsTabNeg -->
        <test-method status="FAIL" signature="SearchforTrainsTabNeg(java.lang.String, java.lang.String)[pri:4, instance:com.qa.Projecttestscripts.TC_TrainStatusTable@14bf9759]" name="SearchforTrainsTabNeg" duration-ms="97792" started-at="2021-05-04T05:07:57Z" data-provider="getData3" finished-at="2021-05-04T05:09:34Z">
          <params>
            <param index="0">
              <value>
                <![CDATA[Hyderabad]]>
              </value>
            </param>
            <param index="1">
              <value>
                <![CDATA[ABCDEF]]>
              </value>
            </param>
          </params>
          <exception class="org.openqa.selenium.NoSuchElementException">
            <message>
              <![CDATA[no such element: Unable to locate element: {"method":"xpath","selector":"//input[@value='Search Trains']"}
  (Session info: chrome=90.0.4430.93)
For documentation on this error, please visit: https://www.seleniumhq.org/exceptions/no_such_element.html
Build info: version: '3.141.59', revision: 'e82be7d358', time: '2018-11-14T08:17:03'
System info: host: 'DELL-PC', ip: '192.168.1.100', os.name: 'Windows 7', os.arch: 'amd64', os.version: '6.1', java.version: '1.8.0_281'
Driver info: org.openqa.selenium.chrome.ChromeDriver
Capabilities {acceptInsecureCerts: false, browserName: chrome, browserVersion: 90.0.4430.93, chrome: {chromedriverVersion: 90.0.4430.24 (4c6d850f087da..., userDataDir: C:\Users\DELL\AppData\Local...}, goog:chromeOptions: {debuggerAddress: localhost:49348}, javascriptEnabled: true, networkConnectionEnabled: false, pageLoadStrategy: normal, platform: WINDOWS, platformName: WINDOWS, proxy: Proxy(), setWindowRect: true, strictFileInteractability: false, timeouts: {implicit: 0, pageLoad: 300000, script: 30000}, unhandledPromptBehavior: dismiss and notify, webauthn:extension:largeBlob: true, webauthn:virtualAuthenticators: true}
Session ID: 653dea07c7e2fc45da8db02ca5b993b1
*** Element info: {Using=xpath, value=//input[@value='Search Trains']}]]>
            </message>
            <full-stacktrace>
              <![CDATA[org.openqa.selenium.NoSuchElementException: no such element: Unable to locate element: {"method":"xpath","selector":"//input[@value='Search Trains']"}
  (Session info: chrome=90.0.4430.93)
For documentation on this error, please visit: https://www.seleniumhq.org/exceptions/no_such_element.html
Build info: version: '3.141.59', revision: 'e82be7d358', time: '2018-11-14T08:17:03'
System info: host: 'DELL-PC', ip: '192.168.1.100', os.name: 'Windows 7', os.arch: 'amd64', os.version: '6.1', java.version: '1.8.0_281'
Driver info: org.openqa.selenium.chrome.ChromeDriver
Capabilities {acceptInsecureCerts: false, browserName: chrome, browserVersion: 90.0.4430.93, chrome: {chromedriverVersion: 90.0.4430.24 (4c6d850f087da..., userDataDir: C:\Users\DELL\AppData\Local...}, goog:chromeOptions: {debuggerAddress: localhost:49348}, javascriptEnabled: true, networkConnectionEnabled: false, pageLoadStrategy: normal, platform: WINDOWS, platformName: WINDOWS, proxy: Proxy(), setWindowRect: true, strictFileInteractability: false, timeouts: {implicit: 0, pageLoad: 300000, script: 30000}, unhandledPromptBehavior: dismiss and notify, webauthn:extension:largeBlob: true, webauthn:virtualAuthenticators: true}
Session ID: 653dea07c7e2fc45da8db02ca5b993b1
*** Element info: {Using=xpath, value=//input[@value='Search Trains']}
at sun.reflect.NativeConstructorAccessorImpl.newInstance0(Native Method)
at sun.reflect.NativeConstructorAccessorImpl.newInstance(Unknown Source)
at sun.reflect.DelegatingConstructorAccessorImpl.newInstance(Unknown Source)
at java.lang.reflect.Constructor.newInstance(Unknown Source)
at org.openqa.selenium.remote.http.W3CHttpResponseCodec.createException(W3CHttpResponseCodec.java:187)
at org.openqa.selenium.remote.http.W3CHttpResponseCodec.decode(W3CHttpResponseCodec.java:122)
at org.openqa.selenium.remote.http.W3CHttpResponseCodec.decode(W3CHttpResponseCodec.java:49)
at org.openqa.selenium.remote.HttpCommandExecutor.execute(HttpCommandExecutor.java:158)
at org.openqa.selenium.remote.service.DriverCommandExecutor.execute(DriverCommandExecutor.java:83)
at org.openqa.selenium.remote.RemoteWebDriver.execute(RemoteWebDriver.java:552)
at org.openqa.selenium.remote.RemoteWebDriver.findElement(RemoteWebDriver.java:323)
at org.openqa.selenium.remote.RemoteWebDriver.findElementByXPath(RemoteWebDriver.java:428)
at org.openqa.selenium.By$ByXPath.findElement(By.java:353)
at org.openqa.selenium.remote.RemoteWebDriver.findElement(RemoteWebDriver.java:315)
at org.openqa.selenium.support.pagefactory.DefaultElementLocator.findElement(DefaultElementLocator.java:69)
at org.openqa.selenium.support.pagefactory.internal.LocatingElementHandler.invoke(LocatingElementHandler.java:38)
at com.sun.proxy.$Proxy11.click(Unknown Source)
at com.qa.Projecttestscripts.TC_TrainStatusTable.SearchforTrainsTabNeg(TC_TrainStatusTable.java:111)
at sun.reflect.NativeMethodAccessorImpl.invoke0(Native Method)
at sun.reflect.NativeMethodAccessorImpl.invoke(Unknown Source)
at sun.reflect.DelegatingMethodAccessorImpl.invoke(Unknown Source)
at java.lang.reflect.Method.invoke(Unknown Source)
at org.testng.internal.MethodInvocationHelper.invokeMethod(MethodInvocationHelper.java:124)
at org.testng.internal.Invoker.invokeMethod(Invoker.java:583)
at org.testng.internal.Invoker.invokeTestMethod(Invoker.java:719)
at org.testng.internal.Invoker.invokeTestMethods(Invoker.java:989)
at org.testng.internal.TestMethodWorker.invokeTestMethods(TestMethodWorker.java:125)
at org.testng.internal.TestMethodWorker.run(TestMethodWorker.java:109)
at java.util.concurrent.ThreadPoolExecutor.runWorker(Unknown Source)
at java.util.concurrent.ThreadPoolExecutor$Worker.run(Unknown Source)
at java.lang.Thread.run(Unknown Source)
]]>
            </full-stacktrace>
          </exception> <!-- org.openqa.selenium.NoSuchElementException -->
          <reporter-output>
          </reporter-output>
        </test-method> <!-- SearchforTrainsTabNeg -->
        <test-method status="PASS" signature="tearDown()[pri:0, instance:com.qa.Projecttestscripts.TC_TrainStatusTable@14bf9759]" name="tearDown" is-config="true" duration-ms="685" started-at="2021-05-04T05:09:34Z" finished-at="2021-05-04T05:09:35Z">
          <reporter-output>
          </reporter-output>
        </test-method> <!-- tearDown -->
      </class> <!-- com.qa.Projecttestscripts.TC_TrainStatusTable -->
    </test> <!-- Functional Testing -->
  </suite> <!-- Automation Testing -->
</testng-results>
