<?xml version="1.0" encoding="UTF-8"?>
<!-- Generated by org.testng.reporters.JUnitXMLReporter -->
<testsuite hostname="DELL-PC" ignored="0" name="Functional Testing" tests="9" failures="2" timestamp="03 May 2021 15:06:57 GMT" time="688.217" errors="0">
  <testcase name="TrainStatusTable" time="58.154" classname="com.qa.Projecttestscripts.TC_TrainStatusTable"/>
  <testcase name="TrainStatusTable" time="55.523" classname="com.qa.Projecttestscripts.TC_TrainStatusTable"/>
  <testcase name="TrainStatusTableNeg" time="59.635" classname="com.qa.Projecttestscripts.TC_TrainStatusTable"/>
  <testcase name="TrainStatusTableNeg" time="37.711" classname="com.qa.Projecttestscripts.TC_TrainStatusTable"/>
  <testcase name="TrainStatusTableNeg" time="58.689" classname="com.qa.Projecttestscripts.TC_TrainStatusTable"/>
  <testcase name="SearchforTrainsTab" time="119.915" classname="com.qa.Projecttestscripts.TC_TrainStatusTable">
    <failure type="java.lang.AssertionError" message="expected [true] but found [false]">
      <![CDATA[java.lang.AssertionError: expected [true] but found [false]
at com.qa.Projecttestscripts.TC_TrainStatusTable.SearchforTrainsTab(TC_TrainStatusTable.java:81)
at java.util.concurrent.ThreadPoolExecutor.runWorker(Unknown Source)
at java.util.concurrent.ThreadPoolExecutor$Worker.run(Unknown Source)
at java.lang.Thread.run(Unknown Source)
... Removed 14 stack frames]]>
    </failure>
  </testcase> <!-- SearchforTrainsTab -->
  <testcase name="SearchforTrainsTab" time="96.285" classname="com.qa.Projecttestscripts.TC_TrainStatusTable">
    <failure type="java.lang.AssertionError" message="expected [true] but found [false]">
      <![CDATA[java.lang.AssertionError: expected [true] but found [false]
at com.qa.Projecttestscripts.TC_TrainStatusTable.SearchforTrainsTab(TC_TrainStatusTable.java:81)
at java.util.concurrent.ThreadPoolExecutor.runWorker(Unknown Source)
at java.util.concurrent.ThreadPoolExecutor$Worker.run(Unknown Source)
at java.lang.Thread.run(Unknown Source)
... Removed 14 stack frames]]>
    </failure>
  </testcase> <!-- SearchforTrainsTab -->
  <testcase name="SearchforTrainsTabNeg" time="65.631" classname="com.qa.Projecttestscripts.TC_TrainStatusTable"/>
  <testcase name="SearchforTrainsTabNeg" time="93.414" classname="com.qa.Projecttestscripts.TC_TrainStatusTable"/>
</testsuite> <!-- Functional Testing -->
